# JRE version: Java(TM) SE Runtime Environment (19.0.1+10) (build 19.0.1+10-21)
# Java VM: Java HotSpot(TM) 64-Bit Server VM (19.0.1+10-21, mixed mode, sharing, tiered, compressed oops, compressed class ptrs, g1 gc, windows-amd64)
GC Precious Log:
 CardTable entry size: 512
 Card Set container configuration: InlinePtr #cards 5 size 8 Array Of Cards #cards 12 size 40 Howl #buckets 4 coarsen threshold 1843 Howl Bitmap #cards 512 size 80 coarsen threshold 460 Card regions per heap region 1 cards per card region 2048
 CPUs: 2 total, 2 available
 Memory: 5993M
 Large Page Support: Disabled
 NUMA Support: Disabled
 Compressed Oops: Enabled (32-bit)
 Heap Region Size: 1M
 Heap Min Capacity: 8M
 Heap Initial Capacity: 94M
 Heap Max Capacity: 1500M
 Pre-touch: Disabled
 Parallel Workers: 2
 Concurrent Workers: 1
 Concurrent Refinement Workers: 2
 Periodic GC: Disabled
Heap:
 garbage-first heap   total 96256K, used 36434K [0x00000000a2400000, 0x0000000100000000)
  region size 1024K, 1 young (1024K), 1 survivors (1024K)
 Metaspace       used 26274K, committed 26560K, reserved 1114112K
  class space    used 2800K, committed 2944K, reserved 1048576K
GC Heap History (20 events):
Event: 35.858 GC heap after
{Heap after GC invocations=15 (full 0):
 garbage-first heap   total 45056K, used 14017K [0x00000000a2400000, 0x0000000100000000)
  region size 1024K, 1 young (1024K), 1 survivors (1024K)
 Metaspace       used 23107K, committed 23424K, reserved 1114112K
  class space    used 2433K, committed 2624K, reserved 1048576K
}
Event: 37.325 GC heap before
{Heap before GC invocations=15 (full 0):
 garbage-first heap   total 45056K, used 35521K [0x00000000a2400000, 0x0000000100000000)
  region size 1024K, 23 young (23552K), 1 survivors (1024K)
 Metaspace       used 24397K, committed 24704K, reserved 1114112K
  class space    used 2610K, committed 2752K, reserved 1048576K
}
Event: 37.331 GC heap after
{Heap after GC invocations=16 (full 0):
 garbage-first heap   total 45056K, used 16572K [0x00000000a2400000, 0x0000000100000000)
  region size 1024K, 3 young (3072K), 3 survivors (3072K)
 Metaspace       used 24397K, committed 24704K, reserved 1114112K
  class space    used 2610K, committed 2752K, reserved 1048576K
}
Event: 39.335 GC heap before
{Heap before GC invocations=16 (full 0):
 garbage-first heap   total 45056K, used 33980K [0x00000000a2400000, 0x0000000100000000)
  region size 1024K, 21 young (21504K), 3 survivors (3072K)
 Metaspace       used 26095K, committed 26432K, reserved 1114112K
  class space    used 2795K, committed 2944K, reserved 1048576K
}
Event: 39.348 GC heap after
{Heap after GC invocations=17 (full 0):
 garbage-first heap   total 45056K, used 20471K [0x00000000a2400000, 0x0000000100000000)
  region size 1024K, 3 young (3072K), 3 survivors (3072K)
 Metaspace       used 26095K, committed 26432K, reserved 1114112K
  class space    used 2795K, committed 2944K, reserved 1048576K
}
Event: 40.081 GC heap before
{Heap before GC invocations=17 (full 0):
 garbage-first heap   total 45056K, used 33783K [0x00000000a2400000, 0x0000000100000000)
  region size 1024K, 16 young (16384K), 3 survivors (3072K)
 Metaspace       used 26272K, committed 26560K, reserved 1114112K
  class space    used 2800K, committed 2944K, reserved 1048576K
}
Event: 40.089 GC heap after
{Heap after GC invocations=18 (full 0):
 garbage-first heap   total 45056K, used 21668K [0x00000000a2400000, 0x0000000100000000)
  region size 1024K, 2 young (2048K), 2 survivors (2048K)
 Metaspace       used 26272K, committed 26560K, reserved 1114112K
  class space    used 2800K, committed 2944K, reserved 1048576K
}
Event: 40.235 GC heap before
{Heap before GC invocations=18 (full 0):
 garbage-first heap   total 45056K, used 33956K [0x00000000a2400000, 0x0000000100000000)
  region size 1024K, 14 young (14336K), 2 survivors (2048K)
 Metaspace       used 26274K, committed 26560K, reserved 1114112K
  class space    used 2800K, committed 2944K, reserved 1048576K
}
Event: 40.248 GC heap after
{Heap after GC invocations=19 (full 0):
 garbage-first heap   total 45056K, used 26370K [0x00000000a2400000, 0x0000000100000000)
  region size 1024K, 2 young (2048K), 2 survivors (2048K)
 Metaspace       used 26274K, committed 26560K, reserved 1114112K
  class space    used 2800K, committed 2944K, reserved 1048576K
}
Event: 40.434 GC heap before
{Heap before GC invocations=20 (full 0):
 garbage-first heap   total 46080K, used 33538K [0x00000000a2400000, 0x0000000100000000)
  region size 1024K, 9 young (9216K), 2 survivors (2048K)
 Metaspace       used 26274K, committed 26560K, reserved 1114112K
  class space    used 2800K, committed 2944K, reserved 1048576K
}
Event: 40.446 GC heap after
{Heap after GC invocations=21 (full 0):
 garbage-first heap   total 46080K, used 29318K [0x00000000a2400000, 0x0000000100000000)
  region size 1024K, 2 young (2048K), 2 survivors (2048K)
 Metaspace       used 26274K, committed 26560K, reserved 1114112K
  class space    used 2800K, committed 2944K, reserved 1048576K
}
Event: 40.457 GC heap before
{Heap before GC invocations=21 (full 0):
 garbage-first heap   total 46080K, used 30342K [0x00000000a2400000, 0x0000000100000000)
  region size 1024K, 3 young (3072K), 2 survivors (2048K)
 Metaspace       used 26274K, committed 26560K, reserved 1114112K
  class space    used 2800K, committed 2944K, reserved 1048576K
}
Event: 40.462 GC heap after
{Heap after GC invocations=22 (full 0):
 garbage-first heap   total 46080K, used 29630K [0x00000000a2400000, 0x0000000100000000)
  region size 1024K, 1 young (1024K), 1 survivors (1024K)
 Metaspace       used 26274K, committed 26560K, reserved 1114112K
  class space    used 2800K, committed 2944K, reserved 1048576K
}
Event: 40.506 GC heap before
{Heap before GC invocations=22 (full 0):
 garbage-first heap   total 46080K, used 34750K [0x00000000a2400000, 0x0000000100000000)
  region size 1024K, 6 young (6144K), 1 survivors (1024K)
 Metaspace       used 26274K, committed 26560K, reserved 1114112K
  class space    used 2800K, committed 2944K, reserved 1048576K
}
Event: 40.513 GC heap after
{Heap after GC invocations=23 (full 0):
 garbage-first heap   total 46080K, used 31725K [0x00000000a2400000, 0x0000000100000000)
  region size 1024K, 1 young (1024K), 1 survivors (1024K)
 Metaspace       used 26274K, committed 26560K, reserved 1114112K
  class space    used 2800K, committed 2944K, reserved 1048576K
}
Event: 40.699 GC heap before
{Heap before GC invocations=24 (full 0):
 garbage-first heap   total 55296K, used 35821K [0x00000000a2400000, 0x0000000100000000)
  region size 1024K, 5 young (5120K), 1 survivors (1024K)
 Metaspace       used 26274K, committed 26560K, reserved 1114112K
  class space    used 2800K, committed 2944K, reserved 1048576K
}
Event: 40.710 GC heap after
{Heap after GC invocations=25 (full 0):
 garbage-first heap   total 55296K, used 33413K [0x00000000a2400000, 0x0000000100000000)
  region size 1024K, 1 young (1024K), 1 survivors (1024K)
 Metaspace       used 26274K, committed 26560K, reserved 1114112K
  class space    used 2800K, committed 2944K, reserved 1048576K
}
Event: 40.720 GC heap before
{Heap before GC invocations=25 (full 0):
 garbage-first heap   total 55296K, used 34437K [0x00000000a2400000, 0x0000000100000000)
  region size 1024K, 2 young (2048K), 1 survivors (1024K)
 Metaspace       used 26274K, committed 26560K, reserved 1114112K
  class space    used 2800K, committed 2944K, reserved 1048576K
}
Event: 40.725 GC heap after
{Heap after GC invocations=26 (full 0):
 garbage-first heap   total 55296K, used 33607K [0x00000000a2400000, 0x0000000100000000)
  region size 1024K, 1 young (1024K), 1 survivors (1024K)
 Metaspace       used 26274K, committed 26560K, reserved 1114112K
  class space    used 2800K, committed 2944K, reserved 1048576K
}
Event: 40.834 GC heap before
{Heap before GC invocations=26 (full 0):
 garbage-first heap   total 55296K, used 40775K [0x00000000a2400000, 0x0000000100000000)
  region size 1024K, 8 young (8192K), 1 survivors (1024K)
 Metaspace       used 26274K, committed 26560K, reserved 1114112K
  class space    used 2800K, committed 2944K, reserved 1048576K
}

